Using pre-set license
Built from '2020.3/staging' branch; Version is '2020.3.22f1 (e1a7f79fd887) revision 14788599'; Using compiler version '192528614'; Build Type 'Release'
OS: 'Windows 10 Home Single Language; OS build 19042.1348; Version 2009; 64bit' Language: 'en' Physical Memory: 8089 MB
BatchMode: 1, IsHumanControllingUs: 0, StartBugReporterOnCrash: 0, Is64bit: 1, IsPro: 0

COMMAND LINE ARGUMENTS:
C:\Program Files\Unity\Hub\Editor\2020.3.22f1\Editor\Unity.exe
-adb2
-batchMode
-noUpm
-name
AssetImportWorker0
-projectPath
C:/Users/user/Lab2_5
-logFile
Logs/AssetImportWorker0.log
-srvPort
60347
Successfully changed project path to: C:/Users/user/Lab2_5
C:/Users/user/Lab2_5
Using Asset Import Pipeline V2.
Refreshing native plugins compatible for Editor in 142.47 ms, found 2 plugins.
Preloading 0 native plugins for Editor in 0.00 ms.
Initialize engine version: 2020.3.22f1 (e1a7f79fd887)
[Subsystems] Discovering subsystems at path C:/Program Files/Unity/Hub/Editor/2020.3.22f1/Editor/Data/Resources/UnitySubsystems
[Subsystems] Discovering subsystems at path C:/Users/user/Lab2_5/Assets
GfxDevice: creating device client; threaded=0
Direct3D:
    Version:  Direct3D 11.0 [level 11.1]
    Renderer: NVIDIA GeForce MX150 (ID=0x1d10)
    Vendor:   
    VRAM:     1983 MB
    Driver:   27.21.14.6231
Initialize mono
Mono path[0] = 'C:/Program Files/Unity/Hub/Editor/2020.3.22f1/Editor/Data/Managed'
Mono path[1] = 'C:/Program Files/Unity/Hub/Editor/2020.3.22f1/Editor/Data/MonoBleedingEdge/lib/mono/unityjit'
Mono config path = 'C:/Program Files/Unity/Hub/Editor/2020.3.22f1/Editor/Data/MonoBleedingEdge/etc'
Using monoOptions --debugger-agent=transport=dt_socket,embedding=1,server=y,suspend=n,address=127.0.0.1:56808
Begin MonoManager ReloadAssembly
Registering precompiled unity dll's ...
Register platform support module: C:/Program Files/Unity/Hub/Editor/2020.3.22f1/Editor/Data/PlaybackEngines/WindowsStandaloneSupport/UnityEditor.WindowsStandalone.Extensions.dll
Registered in 0.104154 seconds.
Native extension for WindowsStandalone target not found
Refreshing native plugins compatible for Editor in 45.74 ms, found 2 plugins.
Preloading 0 native plugins for Editor in 0.00 ms.
Mono: successfully reloaded assembly
- Completed reload, in  5.292 seconds
Domain Reload Profiling:
	ReloadAssembly (5292ms)
		BeginReloadAssembly (2256ms)
			ExecutionOrderSort (0ms)
			DisableScriptedObjects (0ms)
			BackupInstance (0ms)
			ReleaseScriptingObjects (0ms)
			CreateAndSetChildDomain (1ms)
		EndReloadAssembly (661ms)
			LoadAssemblies (2254ms)
			RebuildTransferFunctionScriptingTraits (0ms)
			SetupTypeCache (376ms)
			ReleaseScriptCaches (0ms)
			RebuildScriptCaches (29ms)
			SetupLoadedEditorAssemblies (159ms)
				LogAssemblyErrors (0ms)
				InitializePlatformSupportModulesInManaged (4ms)
				SetLoadedEditorAssemblies (1ms)
				RefreshPlugins (46ms)
				BeforeProcessingInitializeOnLoad (7ms)
				ProcessInitializeOnLoadAttributes (71ms)
				ProcessInitializeOnLoadMethodAttributes (30ms)
				AfterProcessingInitializeOnLoad (0ms)
				EditorAssembliesLoaded (0ms)
			ExecutionOrderSort2 (0ms)
			AwakeInstancesAfterBackupRestoration (0ms)
Platform modules already initialized, skipping
Registering precompiled user dll's ...
Registered in 0.555714 seconds.
Begin MonoManager ReloadAssembly
Native extension for WindowsStandalone target not found
Refreshing native plugins compatible for Editor in 47.58 ms, found 2 plugins.
Preloading 0 native plugins for Editor in 0.00 ms.
Mono: successfully reloaded assembly
- Completed reload, in  4.067 seconds
Domain Reload Profiling:
	ReloadAssembly (4072ms)
		BeginReloadAssembly (129ms)
			ExecutionOrderSort (0ms)
			DisableScriptedObjects (4ms)
			BackupInstance (0ms)
			ReleaseScriptingObjects (0ms)
			CreateAndSetChildDomain (18ms)
		EndReloadAssembly (3890ms)
			LoadAssemblies (1841ms)
			RebuildTransferFunctionScriptingTraits (0ms)
			SetupTypeCache (828ms)
			ReleaseScriptCaches (1ms)
			RebuildScriptCaches (44ms)
			SetupLoadedEditorAssemblies (1056ms)
				LogAssemblyErrors (0ms)
				InitializePlatformSupportModulesInManaged (3ms)
				SetLoadedEditorAssemblies (0ms)
				RefreshPlugins (48ms)
				BeforeProcessingInitializeOnLoad (66ms)
				ProcessInitializeOnLoadAttributes (313ms)
				ProcessInitializeOnLoadMethodAttributes (621ms)
				AfterProcessingInitializeOnLoad (4ms)
				EditorAssembliesLoaded (0ms)
			ExecutionOrderSort2 (0ms)
			AwakeInstancesAfterBackupRestoration (6ms)
Platform modules already initialized, skipping
========================================================================
Worker process is ready to serve import requests
Launched and connected shader compiler UnityShaderCompiler.exe after 0.11 seconds
Refreshing native plugins compatible for Editor in 0.57 ms, found 2 plugins.
Preloading 0 native plugins for Editor in 0.00 ms.
Unloading 2884 Unused Serialized files (Serialized files now loaded: 0)
System memory in use before: 130.4 MB.
System memory in use after: 130.6 MB.

Unloading 20 unused Assets to reduce memory usage. Loaded Objects now: 3328.
Total: 3.838700 ms (FindLiveObjects: 0.383600 ms CreateObjectMapping: 0.171900 ms MarkObjects: 3.193200 ms  DeleteObjects: 0.088900 ms)

AssetImportParameters requested are different than current active one (requested -> active):
  custom:framework-win-MediaFoundation: 216162199b28c13a410421893ffa2e32 -> 
  custom:video-decoder-ogg-theora: a1e56fd34408186e4bbccfd4996cb3dc -> 
  custom:container-muxer-webm: aa71ff27fc2769a1b78a27578f13a17b -> 
  custom:container-demuxer-webm: 4f35f7cbe854078d1ac9338744f61a02 -> 
  custom:container-demuxer-ogg: 62fdf1f143b41e24485cea50d1cbac27 -> 
  custom:video-encoder-webm-vp8: eb34c28f22e8b96e1ab97ce403110664 -> 
  custom:video-decoder-webm-vp8: 9c59270c3fd7afecdb556c50c9e8de78 -> 
  custom:audio-decoder-ogg-vorbis: bf7c407c2cedff20999df2af8eb42d56 -> 
  custom:audio-encoder-webm-vorbis: bf7c407c2cedff20999df2af8eb42d56 -> 
========================================================================
Received Import Request.
  path: Assets
  artifactKey: Guid(00000000000000001000000000000000) Importer(815301076,1909f56bfc062723c751e8b465ee728b)
Start importing Assets using Guid(00000000000000001000000000000000) Importer(815301076,1909f56bfc062723c751e8b465ee728b)  -> (artifact id: '42d402b061de3733987d63b9cc3b64de') in 0.010913 seconds 
  Import took 0.015322 seconds .

========================================================================
Received Import Request.
  Time since last request: 45.975216 seconds.
  path: Assets/UniversalRenderPipelineAsset.asset
  artifactKey: Guid(0caa9e6354d60db46b94f7ac2d8fb7b7) Importer(815301076,1909f56bfc062723c751e8b465ee728b)
Start importing Assets/UniversalRenderPipelineAsset.asset using Guid(0caa9e6354d60db46b94f7ac2d8fb7b7) Importer(815301076,1909f56bfc062723c751e8b465ee728b)  -> (artifact id: 'b60b973c8dedd616340807359d0bb914') in 0.235464 seconds 
  Import took 0.242067 seconds .

========================================================================
Received Import Request.
  Time since last request: 0.000382 seconds.
  path: Assets/UniversalRenderPipelineAsset_Renderer.asset
  artifactKey: Guid(efd3bc7262e208c49a056938dbcbe22c) Importer(815301076,1909f56bfc062723c751e8b465ee728b)
Start importing Assets/UniversalRenderPipelineAsset_Renderer.asset using Guid(efd3bc7262e208c49a056938dbcbe22c) Importer(815301076,1909f56bfc062723c751e8b465ee728b)  -> (artifact id: '4d018a6789ac2cf2ec16d96dc5f2d74a') in 0.028278 seconds 
  Import took 0.033033 seconds .

========================================================================
Received Import Request.
  Time since last request: 151.477836 seconds.
  path: Assets/Stylized Environnement - Free Pack/Prefabs/crystal_01.prefab
  artifactKey: Guid(9cf4c2a6fda934689a54f304efc01674) Importer(815301076,1909f56bfc062723c751e8b465ee728b)
Start importing Assets/Stylized Environnement - Free Pack/Prefabs/crystal_01.prefab using Guid(9cf4c2a6fda934689a54f304efc01674) Importer(815301076,1909f56bfc062723c751e8b465ee728b)  -> (artifact id: '7deeb4cb28a34217be690104c505a726') in 0.286121 seconds 
  Import took 0.293597 seconds .

========================================================================
Received Import Request.
  Time since last request: 0.000337 seconds.
  path: Assets/Stylized Environnement - Free Pack/Prefabs/Terrain.prefab
  artifactKey: Guid(d5c679fa5cb6c4b1291dc05ad7c3d71e) Importer(815301076,1909f56bfc062723c751e8b465ee728b)
Start importing Assets/Stylized Environnement - Free Pack/Prefabs/Terrain.prefab using Guid(d5c679fa5cb6c4b1291dc05ad7c3d71e) Importer(815301076,1909f56bfc062723c751e8b465ee728b)  -> (artifact id: '3be1dcea793b1434d3b60d2e15dc1148') in 0.012410 seconds 
  Import took 0.017854 seconds .

========================================================================
Received Import Request.
  Time since last request: 0.000269 seconds.
  path: Assets/Stylized Environnement - Free Pack/Prefabs/rock_02.prefab
  artifactKey: Guid(871c34634d3fd4159ac7d149e826b61a) Importer(815301076,1909f56bfc062723c751e8b465ee728b)
Start importing Assets/Stylized Environnement - Free Pack/Prefabs/rock_02.prefab using Guid(871c34634d3fd4159ac7d149e826b61a) Importer(815301076,1909f56bfc062723c751e8b465ee728b)  -> (artifact id: 'cb9338c5b5310ae80570957a0f501be8') in 0.113856 seconds 
  Import took 0.118651 seconds .

========================================================================
Received Import Request.
  Time since last request: 0.000335 seconds.
  path: Assets/Stylized Environnement - Free Pack/Prefabs/foliage.prefab
  artifactKey: Guid(2577eb475b13744c9a18e5244aea97af) Importer(815301076,1909f56bfc062723c751e8b465ee728b)
Start importing Assets/Stylized Environnement - Free Pack/Prefabs/foliage.prefab using Guid(2577eb475b13744c9a18e5244aea97af) Importer(815301076,1909f56bfc062723c751e8b465ee728b)  -> (artifact id: '3e0fa6f8eda339e626c74dd53578d80e') in 0.230011 seconds 
  Import took 0.234768 seconds .

========================================================================
Received Import Request.
  Time since last request: 0.000398 seconds.
  path: Assets/Stylized Environnement - Free Pack/Prefabs/rock_01.prefab
  artifactKey: Guid(a758c9966af9e45ab9f4f272a35a2e08) Importer(815301076,1909f56bfc062723c751e8b465ee728b)
Start importing Assets/Stylized Environnement - Free Pack/Prefabs/rock_01.prefab using Guid(a758c9966af9e45ab9f4f272a35a2e08) Importer(815301076,1909f56bfc062723c751e8b465ee728b)  -> (artifact id: 'bc56ff81a2b35763d0d5c916ee3f0d15') in 0.073587 seconds 
  Import took 0.077497 seconds .

========================================================================
Received Import Request.
  Time since last request: 0.000340 seconds.
  path: Assets/Stylized Environnement - Free Pack/Prefabs/Particle.prefab
  artifactKey: Guid(aafaafdb6e4ac46208a1dc08df4094b5) Importer(815301076,1909f56bfc062723c751e8b465ee728b)
Start importing Assets/Stylized Environnement - Free Pack/Prefabs/Particle.prefab using Guid(aafaafdb6e4ac46208a1dc08df4094b5) Importer(815301076,1909f56bfc062723c751e8b465ee728b)  -> (artifact id: '62decb9ed98a3287ad2d40649139e83f') in 0.053702 seconds 
  Import took 0.058280 seconds .

========================================================================
Received Import Request.
  Time since last request: 0.000311 seconds.
  path: Assets/Stylized Environnement - Free Pack/Prefabs/tree_01.prefab
  artifactKey: Guid(7a091e571084f4d1e985fb353b54ac86) Importer(815301076,1909f56bfc062723c751e8b465ee728b)
Start importing Assets/Stylized Environnement - Free Pack/Prefabs/tree_01.prefab using Guid(7a091e571084f4d1e985fb353b54ac86) Importer(815301076,1909f56bfc062723c751e8b465ee728b)  -> (artifact id: '2ccf3d118625107e8d8d20f56ee9a10b') in 0.036574 seconds 
  Import took 0.041004 seconds .

========================================================================
Received Import Request.
  Time since last request: 0.000286 seconds.
  path: Assets/Stylized Environnement - Free Pack/Prefabs/trunk.prefab
  artifactKey: Guid(314adce1424fa42888bcb1facdc53f56) Importer(815301076,1909f56bfc062723c751e8b465ee728b)
Start importing Assets/Stylized Environnement - Free Pack/Prefabs/trunk.prefab using Guid(314adce1424fa42888bcb1facdc53f56) Importer(815301076,1909f56bfc062723c751e8b465ee728b)  -> (artifact id: '7b12309ddbc99b62014fbae53aa218c7') in 0.021656 seconds 
  Import took 0.026916 seconds .

========================================================================
Received Import Request.
  Time since last request: 1.259623 seconds.
  path: Assets/Stylized Environnement - Free Pack/Materials/Skybox.mat
  artifactKey: Guid(442fcf418098e4cc7be885f73f92d841) Importer(815301076,1909f56bfc062723c751e8b465ee728b)
Start importing Assets/Stylized Environnement - Free Pack/Materials/Skybox.mat using Guid(442fcf418098e4cc7be885f73f92d841) Importer(815301076,1909f56bfc062723c751e8b465ee728b)  -> (artifact id: '23645d16ebb99056c222d89a8ef98a14') in 0.263051 seconds 
  Import took 0.268434 seconds .

========================================================================
Received Prepare
Registering precompiled user dll's ...
Registered in 0.004189 seconds.
Begin MonoManager ReloadAssembly
Native extension for WindowsStandalone target not found
Refreshing native plugins compatible for Editor in 0.56 ms, found 2 plugins.
Preloading 0 native plugins for Editor in 0.00 ms.
Mono: successfully reloaded assembly
- Completed reload, in  1.038 seconds
Domain Reload Profiling:
	ReloadAssembly (1038ms)
		BeginReloadAssembly (185ms)
			ExecutionOrderSort (0ms)
			DisableScriptedObjects (4ms)
			BackupInstance (0ms)
			ReleaseScriptingObjects (0ms)
			CreateAndSetChildDomain (81ms)
		EndReloadAssembly (794ms)
			LoadAssemblies (95ms)
			RebuildTransferFunctionScriptingTraits (0ms)
			SetupTypeCache (305ms)
			ReleaseScriptCaches (1ms)
			RebuildScriptCaches (43ms)
			SetupLoadedEditorAssemblies (269ms)
				LogAssemblyErrors (0ms)
				InitializePlatformSupportModulesInManaged (4ms)
				SetLoadedEditorAssemblies (0ms)
				RefreshPlugins (1ms)
				BeforeProcessingInitializeOnLoad (61ms)
				ProcessInitializeOnLoadAttributes (190ms)
				ProcessInitializeOnLoadMethodAttributes (8ms)
				AfterProcessingInitializeOnLoad (4ms)
				EditorAssembliesLoaded (0ms)
			ExecutionOrderSort2 (0ms)
			AwakeInstancesAfterBackupRestoration (6ms)
Platform modules already initialized, skipping
Switching render pipeline 00000000000000000000000000000000 -> 0caa9e6354d60db46b94f7ac2d8fb7b7
Refreshing native plugins compatible for Editor in 0.60 ms, found 2 plugins.
Preloading 0 native plugins for Editor in 0.00 ms.
Unloading 2871 Unused Serialized files (Serialized files now loaded: 0)
System memory in use before: 132.6 MB.
System memory in use after: 132.8 MB.

Unloading 17 unused Assets to reduce memory usage. Loaded Objects now: 3418.
Total: 4.427700 ms (FindLiveObjects: 0.332000 ms CreateObjectMapping: 0.144800 ms MarkObjects: 3.876300 ms  DeleteObjects: 0.073700 ms)

AssetImportParameters requested are different than current active one (requested -> active):
  custom:framework-win-MediaFoundation: 216162199b28c13a410421893ffa2e32 -> 
  custom:video-decoder-ogg-theora: a1e56fd34408186e4bbccfd4996cb3dc -> 
  custom:container-muxer-webm: aa71ff27fc2769a1b78a27578f13a17b -> 
  custom:container-demuxer-webm: 4f35f7cbe854078d1ac9338744f61a02 -> 
  custom:container-demuxer-ogg: 62fdf1f143b41e24485cea50d1cbac27 -> 
  custom:video-encoder-webm-vp8: eb34c28f22e8b96e1ab97ce403110664 -> 
  custom:video-decoder-webm-vp8: 9c59270c3fd7afecdb556c50c9e8de78 -> 
  custom:audio-decoder-ogg-vorbis: bf7c407c2cedff20999df2af8eb42d56 -> 
  custom:audio-encoder-webm-vorbis: bf7c407c2cedff20999df2af8eb42d56 -> 
========================================================================
Received Import Request.
  Time since last request: 557.856189 seconds.
  path: Assets/UniversalRenderPipelineAsset.asset
  artifactKey: Guid(0caa9e6354d60db46b94f7ac2d8fb7b7) Importer(815301076,1909f56bfc062723c751e8b465ee728b)
Start importing Assets/UniversalRenderPipelineAsset.asset using Guid(0caa9e6354d60db46b94f7ac2d8fb7b7) Importer(815301076,1909f56bfc062723c751e8b465ee728b)  -> (artifact id: '07eb1e62542bdd7a850e063206c6404a') in 0.024219 seconds 
  Import took 0.031064 seconds .

========================================================================
Received Import Request.
  Time since last request: 0.000312 seconds.
  path: Assets/UniversalRenderPipelineAsset_Renderer.asset
  artifactKey: Guid(efd3bc7262e208c49a056938dbcbe22c) Importer(815301076,1909f56bfc062723c751e8b465ee728b)
Start importing Assets/UniversalRenderPipelineAsset_Renderer.asset using Guid(efd3bc7262e208c49a056938dbcbe22c) Importer(815301076,1909f56bfc062723c751e8b465ee728b)  -> (artifact id: '1320dc515a788322a2bc63d74448ff96') in 0.004077 seconds 
  Import took 0.009118 seconds .

========================================================================
Received Import Request.
  Time since last request: 63.716438 seconds.
  path: Assets/My Shader.shadergraph
  artifactKey: Guid(458629e0d03d080408257a0338f9d44b) Importer(815301076,1909f56bfc062723c751e8b465ee728b)
Start importing Assets/My Shader.shadergraph using Guid(458629e0d03d080408257a0338f9d44b) Importer(815301076,1909f56bfc062723c751e8b465ee728b)  -> (artifact id: '675c40ea14a9fddcc9c82541ba714dec') in 0.012623 seconds 
  Import took 0.018233 seconds .

========================================================================
Received Import Request.
  Time since last request: 63.767195 seconds.
  path: Assets/My Shader
  artifactKey: Guid(2e8b7f13a8ba4314e90f902df5b90c72) Importer(815301076,1909f56bfc062723c751e8b465ee728b)
Start importing Assets/My Shader using Guid(2e8b7f13a8ba4314e90f902df5b90c72) Importer(815301076,1909f56bfc062723c751e8b465ee728b)  -> (artifact id: '0e97f6fdeea530d7fb2d86671a710781') in 0.004074 seconds 
  Import took 0.010091 seconds .

========================================================================
Received Import Request.
  Time since last request: 29.678018 seconds.
  path: Assets/My Shader/depthWater.shadergraph
  artifactKey: Guid(f1015aa34af268a49a56c73902f1c277) Importer(815301076,1909f56bfc062723c751e8b465ee728b)
Start importing Assets/My Shader/depthWater.shadergraph using Guid(f1015aa34af268a49a56c73902f1c277) Importer(815301076,1909f56bfc062723c751e8b465ee728b)  -> (artifact id: 'd33991535ac4a262a51c3f1f77a24417') in 0.008122 seconds 
  Import took 0.016342 seconds .

========================================================================
Received Import Request.
  Time since last request: 644.879762 seconds.
  path: Assets/My Shader/deptWater.mat
  artifactKey: Guid(a4c98ea5f26229448adb34b232fb8b45) Importer(815301076,1909f56bfc062723c751e8b465ee728b)
Start importing Assets/My Shader/deptWater.mat using Guid(a4c98ea5f26229448adb34b232fb8b45) Importer(815301076,1909f56bfc062723c751e8b465ee728b)  -> (artifact id: '3dfa81b06fe226c53290465aacfa7b6c') in 0.184718 seconds 
  Import took 0.190902 seconds .

========================================================================
Received Import Request.
  Time since last request: 359.769368 seconds.
  path: Assets/My Shader/depthWater.mat
  artifactKey: Guid(215000a1035e20746b47b06fc1843868) Importer(815301076,1909f56bfc062723c751e8b465ee728b)
Start importing Assets/My Shader/depthWater.mat using Guid(215000a1035e20746b47b06fc1843868) Importer(815301076,1909f56bfc062723c751e8b465ee728b)  -> (artifact id: 'd05b9bf64bf03449204928c9c106b07f') in 0.018640 seconds 
  Import took 0.025632 seconds .

========================================================================
Received Import Request.
  Time since last request: 223.198532 seconds.
  path: Assets/My Shader/de.shadergraph
  artifactKey: Guid(608771af4ecb7c442907744ef88d4226) Importer(815301076,1909f56bfc062723c751e8b465ee728b)
Start importing Assets/My Shader/de.shadergraph using Guid(608771af4ecb7c442907744ef88d4226) Importer(815301076,1909f56bfc062723c751e8b465ee728b)  -> (artifact id: '138640f58ce140e60dbccbdd3b7d0f45') in 0.011536 seconds 
  Import took 0.020640 seconds .

========================================================================
Received Import Request.
  Time since last request: 111.964431 seconds.
  path: Assets/My Shader/de.shadergraph
  artifactKey: Guid(608771af4ecb7c442907744ef88d4226) Importer(815301076,1909f56bfc062723c751e8b465ee728b)
Start importing Assets/My Shader/de.shadergraph using Guid(608771af4ecb7c442907744ef88d4226) Importer(815301076,1909f56bfc062723c751e8b465ee728b)  -> (artifact id: '95a2ad9cd9b2f5c119b296ecaa66db83') in 0.005540 seconds 
  Import took 0.010627 seconds .

========================================================================
Received Import Request.
  Time since last request: 18.493042 seconds.
  path: Assets/My Shader/depthWater.shadergraph
  artifactKey: Guid(608771af4ecb7c442907744ef88d4226) Importer(815301076,1909f56bfc062723c751e8b465ee728b)
Start importing Assets/My Shader/depthWater.shadergraph using Guid(608771af4ecb7c442907744ef88d4226) Importer(815301076,1909f56bfc062723c751e8b465ee728b)  -> (artifact id: '833b653792ae61b296990822d3325de0') in 0.004000 seconds 
  Import took 0.010335 seconds .

========================================================================
Received Import Request.
  Time since last request: 11.151387 seconds.
  path: Assets/My Shader/depthWater.mat
  artifactKey: Guid(215000a1035e20746b47b06fc1843868) Importer(815301076,1909f56bfc062723c751e8b465ee728b)
Start importing Assets/My Shader/depthWater.mat using Guid(215000a1035e20746b47b06fc1843868) Importer(815301076,1909f56bfc062723c751e8b465ee728b)  -> (artifact id: 'f9339da5cb343c023b55f90192be6618') in 0.028345 seconds 
  Import took 0.034189 seconds .

========================================================================
Received Import Request.
  Time since last request: 21.083254 seconds.
  path: Assets/My Shader/depthWater.shadersubgraph
  artifactKey: Guid(fb32546f281695d4689e24f56c4a30a4) Importer(815301076,1909f56bfc062723c751e8b465ee728b)
Start importing Assets/My Shader/depthWater.shadersubgraph using Guid(fb32546f281695d4689e24f56c4a30a4) Importer(815301076,1909f56bfc062723c751e8b465ee728b)  -> (artifact id: '471a58af5a2ad6f1c34693f4abc7ef93') in 0.020620 seconds 
  Import took 0.044680 seconds .

========================================================================
Received Import Request.
  Time since last request: 14.695196 seconds.
  path: Assets/My Shader/depthWater
  artifactKey: Guid(e4cc08f2b61b8c245b8faa40e0027221) Importer(815301076,1909f56bfc062723c751e8b465ee728b)
Start importing Assets/My Shader/depthWater using Guid(e4cc08f2b61b8c245b8faa40e0027221) Importer(815301076,1909f56bfc062723c751e8b465ee728b)  -> (artifact id: '2a08b05c910807ecd5ad82a48bfbdc4a') in 0.002792 seconds 
  Import took 0.010014 seconds .

========================================================================
Received Import Request.
  Time since last request: 27.431090 seconds.
  path: Assets/My Shader/water2colors.shadergraph
  artifactKey: Guid(15b2e96c76e4c884bb93f3fe9fcc193b) Importer(815301076,1909f56bfc062723c751e8b465ee728b)
Start importing Assets/My Shader/water2colors.shadergraph using Guid(15b2e96c76e4c884bb93f3fe9fcc193b) Importer(815301076,1909f56bfc062723c751e8b465ee728b)  -> (artifact id: 'c4a3d6e25899282aee909fffb6850fe1') in 0.007244 seconds 
  Import took 0.014842 seconds .

========================================================================
Received Import Request.
  Time since last request: 372.693876 seconds.
  path: Assets/My Shader/watre2color.mat
  artifactKey: Guid(a195ba4f36801024381521b1881c6175) Importer(815301076,1909f56bfc062723c751e8b465ee728b)
Start importing Assets/My Shader/watre2color.mat using Guid(a195ba4f36801024381521b1881c6175) Importer(815301076,1909f56bfc062723c751e8b465ee728b)  -> (artifact id: 'bffb320d7da5f117059d7837f7c1c11d') in 0.032654 seconds 
  Import took 0.038468 seconds .

========================================================================
Received Import Request.
  Time since last request: 18361.573243 seconds.
  path: Assets/My Shader/water2colors.shadergraph
  artifactKey: Guid(15b2e96c76e4c884bb93f3fe9fcc193b) Importer(815301076,1909f56bfc062723c751e8b465ee728b)
Start importing Assets/My Shader/water2colors.shadergraph using Guid(15b2e96c76e4c884bb93f3fe9fcc193b) Importer(815301076,1909f56bfc062723c751e8b465ee728b)  -> (artifact id: '0481fa353df8f7a6e8a226e4b38d8cf1') in 0.011542 seconds 
  Import took 0.017018 seconds .

========================================================================
Received Import Request.
  Time since last request: 59.940717 seconds.
  path: Assets/My Shader/water2colors.shadergraph
  artifactKey: Guid(15b2e96c76e4c884bb93f3fe9fcc193b) Importer(815301076,1909f56bfc062723c751e8b465ee728b)
Start importing Assets/My Shader/water2colors.shadergraph using Guid(15b2e96c76e4c884bb93f3fe9fcc193b) Importer(815301076,1909f56bfc062723c751e8b465ee728b)  -> (artifact id: '3ebb84a622a38b61a613fda080b8879e') in 0.004150 seconds 
  Import took 0.010584 seconds .

========================================================================
Received Import Request.
  Time since last request: 1974.182081 seconds.
  path: Assets/My Shader/Water2color.shadersubgraph
  artifactKey: Guid(98787a7f7ff259f4fb9650bfc43edda0) Importer(815301076,1909f56bfc062723c751e8b465ee728b)
Start importing Assets/My Shader/Water2color.shadersubgraph using Guid(98787a7f7ff259f4fb9650bfc43edda0) Importer(815301076,1909f56bfc062723c751e8b465ee728b)  -> (artifact id: 'ff932ec020bf070047260edd302641e7') in 0.009968 seconds 
  Import took 0.017591 seconds .

========================================================================
Received Import Request.
  Time since last request: 40.348126 seconds.
  path: Assets/My Shader/Water2color
  artifactKey: Guid(3a4f0216efa4a7441bd423dc1dc82eca) Importer(815301076,1909f56bfc062723c751e8b465ee728b)
Start importing Assets/My Shader/Water2color using Guid(3a4f0216efa4a7441bd423dc1dc82eca) Importer(815301076,1909f56bfc062723c751e8b465ee728b)  -> (artifact id: '3d9e99ba39c585f847ae31beafd410b4') in 0.003030 seconds 
  Import took 0.008759 seconds .

========================================================================
Received Import Request.
  Time since last request: 39.311958 seconds.
  path: Assets/My Shader/Movement.shadergraph
  artifactKey: Guid(aeb1d84099ba04740a17fff24bfea92d) Importer(815301076,1909f56bfc062723c751e8b465ee728b)
Start importing Assets/My Shader/Movement.shadergraph using Guid(aeb1d84099ba04740a17fff24bfea92d) Importer(815301076,1909f56bfc062723c751e8b465ee728b)  -> (artifact id: '754f64994bdef0ef18781a00752bbe76') in 0.009171 seconds 
  Import took 0.014724 seconds .

========================================================================
Received Import Request.
  Time since last request: 152.247551 seconds.
  path: Assets/My Shader/Movement.shadergraph
  artifactKey: Guid(aeb1d84099ba04740a17fff24bfea92d) Importer(815301076,1909f56bfc062723c751e8b465ee728b)
Start importing Assets/My Shader/Movement.shadergraph using Guid(aeb1d84099ba04740a17fff24bfea92d) Importer(815301076,1909f56bfc062723c751e8b465ee728b)  -> (artifact id: '24c8497eadea68f120dd3249085f85dc') in 0.002972 seconds 
  Import took 0.007779 seconds .

========================================================================
Received Import Request.
  Time since last request: 77.936259 seconds.
  path: Assets/My Shader/Movement.mat
  artifactKey: Guid(cb8a26bb6b3507e438690a1c350b5a2b) Importer(815301076,1909f56bfc062723c751e8b465ee728b)
Start importing Assets/My Shader/Movement.mat using Guid(cb8a26bb6b3507e438690a1c350b5a2b) Importer(815301076,1909f56bfc062723c751e8b465ee728b)  -> (artifact id: 'eee15c3f6f4e627b28b71b00b9f848a9') in 0.043429 seconds 
  Import took 0.048936 seconds .

========================================================================
Received Import Request.
  Time since last request: 115.533701 seconds.
  path: Assets/My Shader/Movement.shadersubgraph
  artifactKey: Guid(22323e6de1109c34382bf36644ad91a9) Importer(815301076,1909f56bfc062723c751e8b465ee728b)
Start importing Assets/My Shader/Movement.shadersubgraph using Guid(22323e6de1109c34382bf36644ad91a9) Importer(815301076,1909f56bfc062723c751e8b465ee728b)  -> (artifact id: '771dacd95d3f68bdc1dcb455900077a1') in 0.003179 seconds 
  Import took 0.010273 seconds .

========================================================================
Received Import Request.
  Time since last request: 12.274793 seconds.
  path: Assets/My Shader/Movement
  artifactKey: Guid(7ee4cc7c77cc2024691f1de872550a39) Importer(815301076,1909f56bfc062723c751e8b465ee728b)
Start importing Assets/My Shader/Movement using Guid(7ee4cc7c77cc2024691f1de872550a39) Importer(815301076,1909f56bfc062723c751e8b465ee728b)  -> (artifact id: 'ab32c55584bffdc3a86544afc85e9efb') in 0.003150 seconds 
  Import took 0.008719 seconds .

========================================================================
Received Import Request.
  Time since last request: 69.690310 seconds.
  path: Assets/My Shader/WaterRefraction.shadergraph
  artifactKey: Guid(8e3e32c8fd4ee7f4da948179ff0a2b5e) Importer(815301076,1909f56bfc062723c751e8b465ee728b)
Start importing Assets/My Shader/WaterRefraction.shadergraph using Guid(8e3e32c8fd4ee7f4da948179ff0a2b5e) Importer(815301076,1909f56bfc062723c751e8b465ee728b)  -> (artifact id: 'd046d9ceb6b504558f246c9872ec8f73') in 0.008362 seconds 
  Import took 0.013963 seconds .

========================================================================
Received Import Request.
  Time since last request: 364.424995 seconds.
  path: Assets/My Shader/WaterRefraction.shadersubgraph
  artifactKey: Guid(20f09bbbede579148a764c65111cfa58) Importer(815301076,1909f56bfc062723c751e8b465ee728b)
Start importing Assets/My Shader/WaterRefraction.shadersubgraph using Guid(20f09bbbede579148a764c65111cfa58) Importer(815301076,1909f56bfc062723c751e8b465ee728b)  -> (artifact id: 'b0e6a3176e07acc5f72e443e10952f25') in 0.003399 seconds 
  Import took 0.010026 seconds .

========================================================================
Received Import Request.
  Time since last request: 0.145139 seconds.
  path: Assets/My Shader/WaterRefraction.shadergraph
  artifactKey: Guid(8e3e32c8fd4ee7f4da948179ff0a2b5e) Importer(815301076,1909f56bfc062723c751e8b465ee728b)
Start importing Assets/My Shader/WaterRefraction.shadergraph using Guid(8e3e32c8fd4ee7f4da948179ff0a2b5e) Importer(815301076,1909f56bfc062723c751e8b465ee728b)  -> (artifact id: '1f5660ef58c7d16263c10d72a2bf125a') in 0.004568 seconds 
  Import took 0.009588 seconds .

========================================================================
Received Import Request.
  Time since last request: 19.538866 seconds.
  path: Assets/My Shader/WaterRefraction.mat
  artifactKey: Guid(66f7b6207e2e065499828a7e38410986) Importer(815301076,1909f56bfc062723c751e8b465ee728b)
Start importing Assets/My Shader/WaterRefraction.mat using Guid(66f7b6207e2e065499828a7e38410986) Importer(815301076,1909f56bfc062723c751e8b465ee728b)  -> (artifact id: '4be17fe950e253eef5811a6f69260011') in 0.056928 seconds 
  Import took 0.062802 seconds .

========================================================================
Received Import Request.
  Time since last request: 156.205130 seconds.
  path: Assets/My Shader/WaterRefraction.shadersubgraph
  artifactKey: Guid(20f09bbbede579148a764c65111cfa58) Importer(815301076,1909f56bfc062723c751e8b465ee728b)
Start importing Assets/My Shader/WaterRefraction.shadersubgraph using Guid(20f09bbbede579148a764c65111cfa58) Importer(815301076,1909f56bfc062723c751e8b465ee728b)  -> (artifact id: '099000e610a5c5fb521b4f9262efe69e') in 0.002875 seconds 
  Import took 0.008529 seconds .

========================================================================
Received Import Request.
  Time since last request: 83.592132 seconds.
  path: Assets/My Shader/WaterRefraction.shadersubgraph
  artifactKey: Guid(20f09bbbede579148a764c65111cfa58) Importer(815301076,1909f56bfc062723c751e8b465ee728b)
Start importing Assets/My Shader/WaterRefraction.shadersubgraph using Guid(20f09bbbede579148a764c65111cfa58) Importer(815301076,1909f56bfc062723c751e8b465ee728b)  -> (artifact id: 'dbbea49d7d92b10e9f97c9e277d31b65') in 0.004017 seconds 
  Import took 0.011574 seconds .

========================================================================
Received Import Request.
  Time since last request: 3.311360 seconds.
  path: Assets/My Shader/Water2color/watre2color.mat
  artifactKey: Guid(a195ba4f36801024381521b1881c6175) Importer(815301076,1909f56bfc062723c751e8b465ee728b)
Start importing Assets/My Shader/Water2color/watre2color.mat using Guid(a195ba4f36801024381521b1881c6175) Importer(815301076,1909f56bfc062723c751e8b465ee728b)  -> (artifact id: 'edd736953699b0acc09788cddd92160f') in 0.029982 seconds 
  Import took 0.036785 seconds .

========================================================================
Received Import Request.
  Time since last request: 9.057806 seconds.
  path: Assets/My Shader/Movement/Movement.mat
  artifactKey: Guid(cb8a26bb6b3507e438690a1c350b5a2b) Importer(815301076,1909f56bfc062723c751e8b465ee728b)
Start importing Assets/My Shader/Movement/Movement.mat using Guid(cb8a26bb6b3507e438690a1c350b5a2b) Importer(815301076,1909f56bfc062723c751e8b465ee728b)  -> (artifact id: '28377f725c7a02914fa06b836b05eae7') in 0.019497 seconds 
  Import took 0.024702 seconds .

========================================================================
Received Import Request.
  Time since last request: 8.661758 seconds.
  path: Assets/My Shader/Movement/Movement.shadergraph
  artifactKey: Guid(aeb1d84099ba04740a17fff24bfea92d) Importer(815301076,1909f56bfc062723c751e8b465ee728b)
Start importing Assets/My Shader/Movement/Movement.shadergraph using Guid(aeb1d84099ba04740a17fff24bfea92d) Importer(815301076,1909f56bfc062723c751e8b465ee728b)  -> (artifact id: '796702378b260fb0adb1ffa868619c1f') in 0.003311 seconds 
  Import took 0.008277 seconds .

========================================================================
Received Import Request.
  Time since last request: 23.869952 seconds.
  path: Assets/My Shader/Movement/Movement.shadersubgraph
  artifactKey: Guid(22323e6de1109c34382bf36644ad91a9) Importer(815301076,1909f56bfc062723c751e8b465ee728b)
Start importing Assets/My Shader/Movement/Movement.shadersubgraph using Guid(22323e6de1109c34382bf36644ad91a9) Importer(815301076,1909f56bfc062723c751e8b465ee728b)  -> (artifact id: 'a63b21b5ea22608349796312d6634e42') in 0.002487 seconds 
  Import took 0.007573 seconds .

========================================================================
Received Import Request.
  Time since last request: 39.677522 seconds.
  path: Assets/My Shader/WaterRefraction.shadersubgraph
  artifactKey: Guid(20f09bbbede579148a764c65111cfa58) Importer(815301076,1909f56bfc062723c751e8b465ee728b)
Start importing Assets/My Shader/WaterRefraction.shadersubgraph using Guid(20f09bbbede579148a764c65111cfa58) Importer(815301076,1909f56bfc062723c751e8b465ee728b)  -> (artifact id: '3c88984d98401579f39569a418610156') in 0.002980 seconds 
  Import took 0.008491 seconds .

========================================================================
Received Import Request.
  Time since last request: 57.238633 seconds.
  path: Assets/My Shader/WaterRefraction.shadergraph
  artifactKey: Guid(8e3e32c8fd4ee7f4da948179ff0a2b5e) Importer(815301076,1909f56bfc062723c751e8b465ee728b)
Start importing Assets/My Shader/WaterRefraction.shadergraph using Guid(8e3e32c8fd4ee7f4da948179ff0a2b5e) Importer(815301076,1909f56bfc062723c751e8b465ee728b)  -> (artifact id: '844adb8821b1a9745b4e64afdaf1985b') in 0.006955 seconds 
  Import took 0.013624 seconds .

========================================================================
Received Import Request.
  Time since last request: 15.816112 seconds.
  path: Assets/My Shader/WaterRefraction.shadergraph
  artifactKey: Guid(8e3e32c8fd4ee7f4da948179ff0a2b5e) Importer(815301076,1909f56bfc062723c751e8b465ee728b)
Start importing Assets/My Shader/WaterRefraction.shadergraph using Guid(8e3e32c8fd4ee7f4da948179ff0a2b5e) Importer(815301076,1909f56bfc062723c751e8b465ee728b)  -> (artifact id: '6b9725e397f2a3792df76efb490adba9') in 0.003655 seconds 
  Import took 0.009159 seconds .

========================================================================
Received Import Request.
  Time since last request: 31.476594 seconds.
  path: Assets/My Shader/WaterRefraction.mat
  artifactKey: Guid(66f7b6207e2e065499828a7e38410986) Importer(815301076,1909f56bfc062723c751e8b465ee728b)
Start importing Assets/My Shader/WaterRefraction.mat using Guid(66f7b6207e2e065499828a7e38410986) Importer(815301076,1909f56bfc062723c751e8b465ee728b)  -> (artifact id: 'd182896af20e437cd345f70de47d057d') in 0.011442 seconds 
  Import took 0.019670 seconds .

========================================================================
Received Import Request.
  Time since last request: 19.235387 seconds.
  path: Assets/My Shader/WaterRefraction.mat
  artifactKey: Guid(66f7b6207e2e065499828a7e38410986) Importer(815301076,1909f56bfc062723c751e8b465ee728b)
Start importing Assets/My Shader/WaterRefraction.mat using Guid(66f7b6207e2e065499828a7e38410986) Importer(815301076,1909f56bfc062723c751e8b465ee728b)  -> (artifact id: '1a8041df5ec5dcb6abdcc01bfd9aecee') in 0.027860 seconds 
  Import took 0.033149 seconds .

========================================================================
Received Prepare
Registering precompiled user dll's ...
Registered in 0.009043 seconds.
Begin MonoManager ReloadAssembly
Native extension for WindowsStandalone target not found
Refreshing native plugins compatible for Editor in 0.56 ms, found 2 plugins.
Preloading 0 native plugins for Editor in 0.00 ms.
Mono: successfully reloaded assembly
- Completed reload, in  1.291 seconds
Domain Reload Profiling:
	ReloadAssembly (1294ms)
		BeginReloadAssembly (287ms)
			ExecutionOrderSort (0ms)
			DisableScriptedObjects (26ms)
			BackupInstance (0ms)
			ReleaseScriptingObjects (0ms)
			CreateAndSetChildDomain (140ms)
		EndReloadAssembly (942ms)
			LoadAssemblies (103ms)
			RebuildTransferFunctionScriptingTraits (0ms)
			SetupTypeCache (335ms)
			ReleaseScriptCaches (2ms)
			RebuildScriptCaches (42ms)
			SetupLoadedEditorAssemblies (307ms)
				LogAssemblyErrors (0ms)
				InitializePlatformSupportModulesInManaged (5ms)
				SetLoadedEditorAssemblies (1ms)
				RefreshPlugins (1ms)
				BeforeProcessingInitializeOnLoad (66ms)
				ProcessInitializeOnLoadAttributes (219ms)
				ProcessInitializeOnLoadMethodAttributes (11ms)
				AfterProcessingInitializeOnLoad (5ms)
				EditorAssembliesLoaded (0ms)
			ExecutionOrderSort2 (0ms)
			AwakeInstancesAfterBackupRestoration (16ms)
Platform modules already initialized, skipping
Refreshing native plugins compatible for Editor in 0.53 ms, found 2 plugins.
Preloading 0 native plugins for Editor in 0.00 ms.
Unloading 2828 Unused Serialized files (Serialized files now loaded: 0)
System memory in use before: 134.7 MB.
System memory in use after: 134.9 MB.

Unloading 15 unused Assets to reduce memory usage. Loaded Objects now: 3464.
Total: 3.734100 ms (FindLiveObjects: 0.280000 ms CreateObjectMapping: 0.157800 ms MarkObjects: 3.240200 ms  DeleteObjects: 0.055100 ms)

AssetImportParameters requested are different than current active one (requested -> active):
  custom:framework-win-MediaFoundation: 216162199b28c13a410421893ffa2e32 -> 
  custom:video-decoder-ogg-theora: a1e56fd34408186e4bbccfd4996cb3dc -> 
  custom:container-muxer-webm: aa71ff27fc2769a1b78a27578f13a17b -> 
  custom:container-demuxer-webm: 4f35f7cbe854078d1ac9338744f61a02 -> 
  custom:container-demuxer-ogg: 62fdf1f143b41e24485cea50d1cbac27 -> 
  custom:video-encoder-webm-vp8: eb34c28f22e8b96e1ab97ce403110664 -> 
  custom:video-decoder-webm-vp8: 9c59270c3fd7afecdb556c50c9e8de78 -> 
  custom:audio-decoder-ogg-vorbis: bf7c407c2cedff20999df2af8eb42d56 -> 
  custom:audio-encoder-webm-vorbis: bf7c407c2cedff20999df2af8eb42d56 -> 
========================================================================
Received Import Request.
  Time since last request: 39.147968 seconds.
  path: Assets/My Shader/Water2color/Water2color.shadersubgraph
  artifactKey: Guid(98787a7f7ff259f4fb9650bfc43edda0) Importer(815301076,1909f56bfc062723c751e8b465ee728b)
Start importing Assets/My Shader/Water2color/Water2color.shadersubgraph using Guid(98787a7f7ff259f4fb9650bfc43edda0) Importer(815301076,1909f56bfc062723c751e8b465ee728b)  -> (artifact id: '5da587bd61f3c1b0346ee3c08594a837') in 0.035058 seconds 
  Import took 0.039996 seconds .

========================================================================
Received Import Request.
  Time since last request: 83.892535 seconds.
  path: Assets/My Shader/WaterRefraction.shadergraph
  artifactKey: Guid(8e3e32c8fd4ee7f4da948179ff0a2b5e) Importer(815301076,1909f56bfc062723c751e8b465ee728b)
Start importing Assets/My Shader/WaterRefraction.shadergraph using Guid(8e3e32c8fd4ee7f4da948179ff0a2b5e) Importer(815301076,1909f56bfc062723c751e8b465ee728b)  -> (artifact id: 'ab731197f6301d78277cb41a071fe546') in 0.003226 seconds 
  Import took 0.008137 seconds .

========================================================================
Received Import Request.
  Time since last request: 345.499950 seconds.
  path: Assets/My Shader/WaterRefraction.shadersubgraph
  artifactKey: Guid(20f09bbbede579148a764c65111cfa58) Importer(815301076,1909f56bfc062723c751e8b465ee728b)
Start importing Assets/My Shader/WaterRefraction.shadersubgraph using Guid(20f09bbbede579148a764c65111cfa58) Importer(815301076,1909f56bfc062723c751e8b465ee728b)  -> (artifact id: '377dad64c4b5e4a26ba87db26ddd67e7') in 0.003177 seconds 
  Import took 0.010411 seconds .

========================================================================
Received Import Request.
  Time since last request: 15.355004 seconds.
  path: Assets/My Shader/WaterRefraction.mat
  artifactKey: Guid(66f7b6207e2e065499828a7e38410986) Importer(815301076,1909f56bfc062723c751e8b465ee728b)
Start importing Assets/My Shader/WaterRefraction.mat using Guid(66f7b6207e2e065499828a7e38410986) Importer(815301076,1909f56bfc062723c751e8b465ee728b)  -> (artifact id: '98a293e92ddcda98c72b5045807aca54') in 0.156890 seconds 
  Import took 0.162797 seconds .

========================================================================
Received Import Request.
  Time since last request: 81.151909 seconds.
  path: Assets/My Shader/Movement/Movement.shadergraph
  artifactKey: Guid(aeb1d84099ba04740a17fff24bfea92d) Importer(815301076,1909f56bfc062723c751e8b465ee728b)
Start importing Assets/My Shader/Movement/Movement.shadergraph using Guid(aeb1d84099ba04740a17fff24bfea92d) Importer(815301076,1909f56bfc062723c751e8b465ee728b)  -> (artifact id: 'bd85fcf675dc8f572edd05cf6d1f5b31') in 0.003682 seconds 
  Import took 0.009010 seconds .

========================================================================
Received Import Request.
  Time since last request: 57.898612 seconds.
  path: Assets/My Shader/WaterRefraction.shadersubgraph
  artifactKey: Guid(20f09bbbede579148a764c65111cfa58) Importer(815301076,1909f56bfc062723c751e8b465ee728b)
Start importing Assets/My Shader/WaterRefraction.shadersubgraph using Guid(20f09bbbede579148a764c65111cfa58) Importer(815301076,1909f56bfc062723c751e8b465ee728b)  -> (artifact id: 'd42888abc48b2880461d268ee8d6d8c2') in 0.003078 seconds 
  Import took 0.009566 seconds .

========================================================================
Received Import Request.
  Time since last request: 4.290434 seconds.
  path: Assets/My Shader/WaterRefraction.shadergraph
  artifactKey: Guid(8e3e32c8fd4ee7f4da948179ff0a2b5e) Importer(815301076,1909f56bfc062723c751e8b465ee728b)
Start importing Assets/My Shader/WaterRefraction.shadergraph using Guid(8e3e32c8fd4ee7f4da948179ff0a2b5e) Importer(815301076,1909f56bfc062723c751e8b465ee728b)  -> (artifact id: 'e351531f315d2d6b5f9db9214d9fed5e') in 0.002813 seconds 
  Import took 0.009240 seconds .

========================================================================
Received Import Request.
  Time since last request: 56.369185 seconds.
  path: Assets/My Shader/WaterRefraction.shadergraph
  artifactKey: Guid(8e3e32c8fd4ee7f4da948179ff0a2b5e) Importer(815301076,1909f56bfc062723c751e8b465ee728b)
Start importing Assets/My Shader/WaterRefraction.shadergraph using Guid(8e3e32c8fd4ee7f4da948179ff0a2b5e) Importer(815301076,1909f56bfc062723c751e8b465ee728b)  -> (artifact id: 'c000e72a4054c09debdc13abbebbe2a2') in 0.003037 seconds 
  Import took 0.008930 seconds .

========================================================================
Received Import Request.
  Time since last request: 300.600009 seconds.
  path: Assets/My Shader/WaterRefraction.mat
  artifactKey: Guid(66f7b6207e2e065499828a7e38410986) Importer(815301076,1909f56bfc062723c751e8b465ee728b)
Start importing Assets/My Shader/WaterRefraction.mat using Guid(66f7b6207e2e065499828a7e38410986) Importer(815301076,1909f56bfc062723c751e8b465ee728b)  -> (artifact id: '5e5e63382ea8ce3941c963a6c1520706') in 0.012430 seconds 
  Import took 0.018787 seconds .

========================================================================
Received Import Request.
  Time since last request: 323.592294 seconds.
  path: Assets/My Shader/WaterRefraction.mat
  artifactKey: Guid(66f7b6207e2e065499828a7e38410986) Importer(815301076,1909f56bfc062723c751e8b465ee728b)
Start importing Assets/My Shader/WaterRefraction.mat using Guid(66f7b6207e2e065499828a7e38410986) Importer(815301076,1909f56bfc062723c751e8b465ee728b)  -> (artifact id: '1140eb363f93d5a127593cfe11b8eacd') in 0.038784 seconds 
  Import took 0.045958 seconds .

========================================================================
Received Import Request.
  Time since last request: 50.020534 seconds.
  path: Assets/My Shader/WaterRefraction.shadergraph
  artifactKey: Guid(8e3e32c8fd4ee7f4da948179ff0a2b5e) Importer(815301076,1909f56bfc062723c751e8b465ee728b)
Start importing Assets/My Shader/WaterRefraction.shadergraph using Guid(8e3e32c8fd4ee7f4da948179ff0a2b5e) Importer(815301076,1909f56bfc062723c751e8b465ee728b)  -> (artifact id: 'a694f8212c4417725b5a61592cbc325e') in 0.003237 seconds 
  Import took 0.008788 seconds .

========================================================================
Received Prepare
Registering precompiled user dll's ...
Registered in 0.003990 seconds.
Begin MonoManager ReloadAssembly
Native extension for WindowsStandalone target not found
Refreshing native plugins compatible for Editor in 0.56 ms, found 2 plugins.
Preloading 0 native plugins for Editor in 0.00 ms.
Mono: successfully reloaded assembly
- Completed reload, in  1.237 seconds
Domain Reload Profiling:
	ReloadAssembly (1237ms)
		BeginReloadAssembly (130ms)
			ExecutionOrderSort (0ms)
			DisableScriptedObjects (7ms)
			BackupInstance (0ms)
			ReleaseScriptingObjects (0ms)
			CreateAndSetChildDomain (49ms)
		EndReloadAssembly (1035ms)
			LoadAssemblies (123ms)
			RebuildTransferFunctionScriptingTraits (0ms)
			SetupTypeCache (368ms)
			ReleaseScriptCaches (3ms)
			RebuildScriptCaches (48ms)
			SetupLoadedEditorAssemblies (328ms)
				LogAssemblyErrors (0ms)
				InitializePlatformSupportModulesInManaged (6ms)
				SetLoadedEditorAssemblies (0ms)
				RefreshPlugins (1ms)
				BeforeProcessingInitializeOnLoad (69ms)
				ProcessInitializeOnLoadAttributes (236ms)
				ProcessInitializeOnLoadMethodAttributes (12ms)
				AfterProcessingInitializeOnLoad (5ms)
				EditorAssembliesLoaded (0ms)
			ExecutionOrderSort2 (0ms)
			AwakeInstancesAfterBackupRestoration (19ms)
Platform modules already initialized, skipping
Refreshing native plugins compatible for Editor in 0.61 ms, found 2 plugins.
Preloading 0 native plugins for Editor in 0.00 ms.
Unloading 2823 Unused Serialized files (Serialized files now loaded: 0)
System memory in use before: 134.3 MB.
System memory in use after: 134.6 MB.

Unloading 15 unused Assets to reduce memory usage. Loaded Objects now: 3502.
Total: 5.628000 ms (FindLiveObjects: 1.004300 ms CreateObjectMapping: 0.172500 ms MarkObjects: 4.423700 ms  DeleteObjects: 0.024400 ms)

AssetImportParameters requested are different than current active one (requested -> active):
  custom:framework-win-MediaFoundation: 216162199b28c13a410421893ffa2e32 -> 
  custom:video-decoder-ogg-theora: a1e56fd34408186e4bbccfd4996cb3dc -> 
  custom:container-muxer-webm: aa71ff27fc2769a1b78a27578f13a17b -> 
  custom:container-demuxer-webm: 4f35f7cbe854078d1ac9338744f61a02 -> 
  custom:container-demuxer-ogg: 62fdf1f143b41e24485cea50d1cbac27 -> 
  custom:video-encoder-webm-vp8: eb34c28f22e8b96e1ab97ce403110664 -> 
  custom:video-decoder-webm-vp8: 9c59270c3fd7afecdb556c50c9e8de78 -> 
  custom:audio-decoder-ogg-vorbis: bf7c407c2cedff20999df2af8eb42d56 -> 
  custom:audio-encoder-webm-vorbis: bf7c407c2cedff20999df2af8eb42d56 -> 
========================================================================
Received Import Request.
  Time since last request: 107.092972 seconds.
  path: Assets/My Shader/WaterRefraction.shadergraph
  artifactKey: Guid(8e3e32c8fd4ee7f4da948179ff0a2b5e) Importer(815301076,1909f56bfc062723c751e8b465ee728b)
Start importing Assets/My Shader/WaterRefraction.shadergraph using Guid(8e3e32c8fd4ee7f4da948179ff0a2b5e) Importer(815301076,1909f56bfc062723c751e8b465ee728b)  -> (artifact id: '342a1f28fc4323ca948b1faa13f839c5') in 0.019686 seconds 
  Import took 0.025976 seconds .

========================================================================
Received Import Request.
  Time since last request: 29.349578 seconds.
  path: Assets/My Shader/WaterRefraction.mat
  artifactKey: Guid(66f7b6207e2e065499828a7e38410986) Importer(815301076,1909f56bfc062723c751e8b465ee728b)
Start importing Assets/My Shader/WaterRefraction.mat using Guid(66f7b6207e2e065499828a7e38410986) Importer(815301076,1909f56bfc062723c751e8b465ee728b)  -> (artifact id: '448f05489fc52b86acc0c71a6067e527') in 0.158284 seconds 
  Import took 0.164181 seconds .

AssetImportWorkerClient::OnTransportError - code=2 error=End of file
